<!DOCTYPE html PUBLIC "-//W3C//DTD XHTML 1.1//EN" "http://www.w3.org/TR/xhtml11/DTD/xhtml11.dtd">
<html xmlns="http://www.w3.org/1999/xhtml"><head><title>TestNG Report</title><style type="text/css">table {margin-bottom:10px;border-collapse:collapse;empty-cells:show}th,td {border:1px solid #009;padding:.25em .5em}th {vertical-align:bottom}td {vertical-align:top}table a {font-weight:bold}.stripe td {background-color: #E6EBF9}.num {text-align:right}.passedodd td {background-color: #3F3}.passedeven td {background-color: #0A0}.skippedodd td {background-color: #DDD}.skippedeven td {background-color: #CCC}.failedodd td,.attn {background-color: #F33}.failedeven td,.stripe .attn {background-color: #D00}.stacktrace {white-space:pre;font-family:monospace}.totop {font-size:85%;text-align:center;border-bottom:2px solid #000}</style></head><body><table><tr><th>Test</th><th># Passed</th><th># Skipped</th><th># Failed</th><th>Time (ms)</th><th>Included Groups</th><th>Excluded Groups</th></tr><tr><th colspan="7">Suite</th></tr><tr><td><a href="#t0">FirstTest</a></td><td class="num">1</td><td class="num">0</td><td class="num">0</td><td class="num">22,038</td><td></td><td></td></tr><tr class="stripe"><td><a href="#t1">ThirdTest</a></td><td class="num">1</td><td class="num">0</td><td class="num">0</td><td class="num">23,025</td><td></td><td></td></tr><tr><td><a href="#t2">SecondTest</a></td><td class="num">0</td><td class="num">0</td><td class="num attn">1</td><td class="num">256,009</td><td></td><td></td></tr><tr><th>Total</th><th class="num">2</th><th class="num">0</th><th class="num attn">1</th><th class="num">301,072</th><th colspan="2"></th></tr></table><table><thead><tr><th>Class</th><th>Method</th><th>Start</th><th>Time (ms)</th></tr></thead><tbody><tr><th colspan="4">Suite</th></tr></tbody><tbody id="t0"><tr><th colspan="4">FirstTest &#8212; passed</th></tr><tr class="passedeven"><td rowspan="1">BrowserStack.BrowserStack_demo</td><td><a href="#m0">demo_browserstack</a></td><td rowspan="1">1432117925302</td><td rowspan="1">4477</td></tr></tbody><tbody id="t1"><tr><th colspan="4">ThirdTest &#8212; passed</th></tr><tr class="passedeven"><td rowspan="1">BrowserStack.BrowserStack_demo</td><td><a href="#m1">demo_browserstack</a></td><td rowspan="1">1432117923438</td><td rowspan="1">6287</td></tr></tbody><tbody id="t2"><tr><th colspan="4">SecondTest &#8212; failed (configuration methods)</th></tr><tr class="failedeven"><td rowspan="1">BrowserStack.BrowserStack_demo</td><td><a href="#m2">tearDown</a></td><td rowspan="1">1432118172710</td><td rowspan="1">0</td></tr><tr><th colspan="4">SecondTest &#8212; failed</th></tr><tr class="failedeven"><td rowspan="1">BrowserStack.BrowserStack_demo</td><td><a href="#m3">demo_browserstack</a></td><td rowspan="1">1432117923438</td><td rowspan="1">249254</td></tr></tbody></table><h2>FirstTest</h2><h3 id="m0">BrowserStack.BrowserStack_demo#demo_browserstack</h3><table class="result"></table><p class="totop"><a href="#summary">back to summary</a></p><h2>ThirdTest</h2><h3 id="m1">BrowserStack.BrowserStack_demo#demo_browserstack</h3><table class="result"></table><p class="totop"><a href="#summary">back to summary</a></p><h2>SecondTest</h2><h3 id="m2">BrowserStack.BrowserStack_demo#tearDown</h3><table class="result"><tr><th>Exception</th></tr><tr><td><div class="stacktrace">org.openqa.selenium.WebDriverException: Session not started or terminated (WARNING: The server did not provide any stacktrace information)
Command duration or timeout: 1.47 seconds
Build info: version: &apos;2.45.0&apos;, revision: &apos;5017cb8&apos;, time: &apos;2015-02-26 23:59:50&apos;
System info: host: &apos;Soumya-PC&apos;, ip: &apos;192.168.1.194&apos;, os.name: &apos;Windows 7&apos;, os.arch: &apos;amd64&apos;, os.version: &apos;6.1&apos;, java.version: &apos;1.7.0_71&apos;
Session ID: a11eba347531d4140ff6d85eb6a6fbb882e7813b
Driver info: org.openqa.selenium.remote.RemoteWebDriver
Capabilities [{platform=XP, chrome.chromedriverVersion=26.0.1383.0, javascriptEnabled=true, acceptSslCerts=false, browserName=chrome, rotatable=false, locationContextEnabled=true, webdriver.remote.sessionid=a11eba347531d4140ff6d85eb6a6fbb882e7813b, version=26.0.1410.43, cssSelectorsEnabled=true, databaseEnabled=false, handlesAlerts=true, browserConnectionEnabled=false, nativeEvents=true, webStorageEnabled=true, applicationCacheEnabled=false, takesScreenshot=true}]
	at org.openqa.selenium.remote.ErrorHandler.createThrowable(ErrorHandler.java:204)
	at org.openqa.selenium.remote.ErrorHandler.throwIfResponseFailed(ErrorHandler.java:156)
	at org.openqa.selenium.remote.RemoteWebDriver.execute(RemoteWebDriver.java:599)
	at org.openqa.selenium.remote.RemoteWebDriver.execute(RemoteWebDriver.java:622)
	at org.openqa.selenium.remote.RemoteWebDriver.quit(RemoteWebDriver.java:468)
	at org.openqa.selenium.remote.Augmenter$CompoundHandler.intercept(Augmenter.java:191)
	at org.openqa.selenium.remote.RemoteWebDriver$$EnhancerByCGLIB$$da9ddf9e.quit(&lt;generated&gt;)
	at BrowserStack.BrowserStack_demo.tearDown(BrowserStack_demo.java:93)
	at java.util.concurrent.FutureTask.run(Unknown Source)
	at java.util.concurrent.ThreadPoolExecutor.runWorker(Unknown Source)
	at java.util.concurrent.ThreadPoolExecutor$Worker.run(Unknown Source)
	at java.lang.Thread.run(Unknown Source)
... Removed 24 stack frames</div></td></tr></table><p class="totop"><a href="#summary">back to summary</a></p><h3 id="m3">BrowserStack.BrowserStack_demo#demo_browserstack</h3><table class="result"><tr><th>Exception</th></tr><tr><td><div class="stacktrace">org.openqa.selenium.WebDriverException: Session not started or terminated (WARNING: The server did not provide any stacktrace information)
Command duration or timeout: 242.99 seconds
Build info: version: &apos;2.45.0&apos;, revision: &apos;5017cb8&apos;, time: &apos;2015-02-26 23:59:50&apos;
System info: host: &apos;Soumya-PC&apos;, ip: &apos;192.168.1.194&apos;, os.name: &apos;Windows 7&apos;, os.arch: &apos;amd64&apos;, os.version: &apos;6.1&apos;, java.version: &apos;1.7.0_71&apos;
Session ID: a11eba347531d4140ff6d85eb6a6fbb882e7813b
Driver info: org.openqa.selenium.remote.RemoteWebDriver
Capabilities [{platform=XP, chrome.chromedriverVersion=26.0.1383.0, javascriptEnabled=true, acceptSslCerts=false, browserName=chrome, rotatable=false, locationContextEnabled=true, webdriver.remote.sessionid=a11eba347531d4140ff6d85eb6a6fbb882e7813b, version=26.0.1410.43, cssSelectorsEnabled=true, databaseEnabled=false, handlesAlerts=true, browserConnectionEnabled=false, nativeEvents=true, webStorageEnabled=true, applicationCacheEnabled=false, takesScreenshot=true}]
	at org.openqa.selenium.remote.ErrorHandler.createThrowable(ErrorHandler.java:204)
	at org.openqa.selenium.remote.ErrorHandler.throwIfResponseFailed(ErrorHandler.java:156)
	at org.openqa.selenium.remote.RemoteWebDriver.execute(RemoteWebDriver.java:599)
	at org.openqa.selenium.remote.RemoteWebDriver.execute(RemoteWebDriver.java:622)
	at org.openqa.selenium.remote.RemoteWebDriver.close(RemoteWebDriver.java:463)
	at org.openqa.selenium.remote.Augmenter$CompoundHandler.intercept(Augmenter.java:191)
	at org.openqa.selenium.remote.RemoteWebDriver$$EnhancerByCGLIB$$da9ddf9e.close(&lt;generated&gt;)
	at BrowserStack.BrowserStack_demo.demo_browserstack(BrowserStack_demo.java:87)
	at java.util.concurrent.FutureTask.run(Unknown Source)
	at java.util.concurrent.ThreadPoolExecutor.runWorker(Unknown Source)
	at java.util.concurrent.ThreadPoolExecutor$Worker.run(Unknown Source)
	at java.lang.Thread.run(Unknown Source)
... Removed 24 stack frames</div></td></tr></table><p class="totop"><a href="#summary">back to summary</a></p></body></html>